{
  "uuid": "3b084685-cc28-4196-aed9-aa0f86d4d376",
  "historyId": "3a8335ac69939f2bb4624dce02b7c683",
  "testCaseId": "7efa1c86013b6d6403281909b7f69773",
  "fullName": "ReqnrollProject/Features/Login/Verify login with data table  parameters",
  "labels": [
    {
      "name": "host",
      "value": "LAPTOP-AVB2L64G"
    },
    {
      "name": "thread",
      "value": "ParallelWorker#4"
    },
    {
      "name": "language",
      "value": "C#"
    },
    {
      "name": "framework",
      "value": "Reqnroll"
    },
    {
      "name": "package",
      "value": "Features.Login"
    },
    {
      "name": "feature",
      "value": "Login"
    },
    {
      "name": "tag",
      "value": "Sanity"
    }
  ],
  "links": [],
  "name": "Verify login with data table  parameters",
  "status": "broken",
  "statusDetails": {
    "known": false,
    "muted": false,
    "flaky": false,
    "message": "no such element: Unable to locate element: {\"method\":\"xpath\",\"selector\":\"//button[@type = 'submit']\"}\n  (Session info: MicrosoftEdge=137.0.3296.62); For documentation on this error, please visit: https://www.selenium.dev/documentation/webdriver/troubleshooting/errors#no-such-element-exception",
    "trace": "OpenQA.Selenium.NoSuchElementException: no such element: Unable to locate element: {\"method\":\"xpath\",\"selector\":\"//button[@type = 'submit']\"}\n  (Session info: MicrosoftEdge=137.0.3296.62); For documentation on this error, please visit: https://www.selenium.dev/documentation/webdriver/troubleshooting/errors#no-such-element-exception\r\n   at OpenQA.Selenium.WebDriver.UnpackAndThrowOnError(Response errorResponse, String commandToExecute)\r\n   at OpenQA.Selenium.WebDriver.ExecuteAsync(String driverCommandToExecute, Dictionary`2 parameters)\r\n   at OpenQA.Selenium.WebDriver.Execute(String driverCommandToExecute, Dictionary`2 parameters)\r\n   at OpenQA.Selenium.WebDriver.FindElement(String mechanism, String value)\r\n   at OpenQA.Selenium.By.<.ctor>b__6_0(ISearchContext context)\r\n   at OpenQA.Selenium.By.FindElement(ISearchContext context)\r\n   at OpenQA.Selenium.WebDriver.FindElement(By by)\r\n   at ReqnrollProject.Pages.LoginPage.submit() in C:\\Users\\Harsha Patil\\source\\repos\\ReqnrollProject\\ReqnrollProject\\Pages\\LoginPage.cs:line 77\r\n   at ReqnrollProject.StepDefinitions.LoginStepDefinitions.WhenUserClicksOnSubmitButton() in C:\\Users\\Harsha Patil\\source\\repos\\ReqnrollProject\\ReqnrollProject\\StepDefinitions\\LoginStepDefinitions.cs:line 48\r\n--- End of stack trace from previous location ---\r\n   at Reqnroll.Bindings.BindingInvoker.InvokeBindingAsync(IBinding binding, IContextManager contextManager, Object[] arguments, ITestTracer testTracer, DurationHolder durationHolder)\r\n   at Reqnroll.Infrastructure.TestExecutionEngine.ExecuteStepMatchAsync(BindingMatch match, Object[] arguments, DurationHolder durationHolder)\r\n   at Reqnroll.Infrastructure.TestExecutionEngine.ExecuteStepAsync(IContextManager contextManager, StepInstance stepInstance)\r\n   at Reqnroll.Infrastructure.TestExecutionEngine.OnAfterLastStepAsync()\r\n   at Reqnroll.TestRunner.CollectScenarioErrorsAsync()\r\n   at Allure.ReqnrollPlugin.SelectiveRun.TestPlanAwareTestRunner.CollectScenarioErrorsAsync()\r\n   at ReqnrollProject.Features.LoginFeature.ScenarioCleanupAsync()\r\n   at ReqnrollProject.Features.LoginFeature.VerifyLoginWithDataTableParameters(String username, String password, String[] exampleTags) in C:\\Users\\Harsha Patil\\source\\repos\\ReqnrollProject\\ReqnrollProject\\Features\\Login.feature:line 37\r\n   at NUnit.Framework.Internal.TaskAwaitAdapter.GenericAdapter`1.GetResult()\r\n   at NUnit.Framework.Internal.AsyncToSyncAdapter.Await(Func`1 invoke)\r\n   at NUnit.Framework.Internal.Commands.TestMethodCommand.RunTestMethod(TestExecutionContext context)\r\n   at NUnit.Framework.Internal.Commands.TestMethodCommand.Execute(TestExecutionContext context)\r\n   at NUnit.Framework.Internal.Commands.BeforeAndAfterTestCommand.<>c__DisplayClass1_0.<Execute>b__0()\r\n   at NUnit.Framework.Internal.Commands.DelegatingTestCommand.RunTestMethodInThreadAbortSafeZone(TestExecutionContext context, Action action)"
  },
  "stage": "finished",
  "steps": [
    {
      "name": "Given User is on the orangehrm login page",
      "status": "passed",
      "statusDetails": {
        "known": false,
        "muted": false,
        "flaky": false
      },
      "stage": "finished",
      "steps": [],
      "attachments": [],
      "parameters": [],
      "start": 1749116373642,
      "stop": 1749116376732
    },
    {
      "name": "When User enters the \"Adm\" and \"an\" in the input fields",
      "status": "passed",
      "statusDetails": {
        "known": false,
        "muted": false,
        "flaky": false
      },
      "stage": "finished",
      "steps": [],
      "attachments": [],
      "parameters": [],
      "start": 1749116376732,
      "stop": 1749116376732
    },
    {
      "name": "When User clicks on submit button",
      "status": "broken",
      "statusDetails": {
        "known": false,
        "muted": false,
        "flaky": false,
        "message": "no such element: Unable to locate element: {\"method\":\"xpath\",\"selector\":\"//button[@type = 'submit']\"}\n  (Session info: MicrosoftEdge=137.0.3296.62); For documentation on this error, please visit: https://www.selenium.dev/documentation/webdriver/troubleshooting/errors#no-such-element-exception",
        "trace": "OpenQA.Selenium.NoSuchElementException: no such element: Unable to locate element: {\"method\":\"xpath\",\"selector\":\"//button[@type = 'submit']\"}\n  (Session info: MicrosoftEdge=137.0.3296.62); For documentation on this error, please visit: https://www.selenium.dev/documentation/webdriver/troubleshooting/errors#no-such-element-exception\r\n   at OpenQA.Selenium.WebDriver.UnpackAndThrowOnError(Response errorResponse, String commandToExecute)\r\n   at OpenQA.Selenium.WebDriver.ExecuteAsync(String driverCommandToExecute, Dictionary`2 parameters)\r\n   at OpenQA.Selenium.WebDriver.Execute(String driverCommandToExecute, Dictionary`2 parameters)\r\n   at OpenQA.Selenium.WebDriver.FindElement(String mechanism, String value)\r\n   at OpenQA.Selenium.By.<.ctor>b__6_0(ISearchContext context)\r\n   at OpenQA.Selenium.By.FindElement(ISearchContext context)\r\n   at OpenQA.Selenium.WebDriver.FindElement(By by)\r\n   at ReqnrollProject.Pages.LoginPage.submit() in C:\\Users\\Harsha Patil\\source\\repos\\ReqnrollProject\\ReqnrollProject\\Pages\\LoginPage.cs:line 77\r\n   at ReqnrollProject.StepDefinitions.LoginStepDefinitions.WhenUserClicksOnSubmitButton() in C:\\Users\\Harsha Patil\\source\\repos\\ReqnrollProject\\ReqnrollProject\\StepDefinitions\\LoginStepDefinitions.cs:line 48\r\n--- End of stack trace from previous location ---\r\n   at Reqnroll.Bindings.BindingInvoker.InvokeBindingAsync(IBinding binding, IContextManager contextManager, Object[] arguments, ITestTracer testTracer, DurationHolder durationHolder)\r\n   at Reqnroll.Infrastructure.TestExecutionEngine.ExecuteStepMatchAsync(BindingMatch match, Object[] arguments, DurationHolder durationHolder)\r\n   at Reqnroll.Infrastructure.TestExecutionEngine.ExecuteStepAsync(IContextManager contextManager, StepInstance stepInstance)"
      },
      "stage": "finished",
      "steps": [],
      "attachments": [],
      "parameters": [],
      "start": 1749116376732,
      "stop": 1749116376927
    },
    {
      "name": "Then User is navigated to home page",
      "status": "skipped",
      "statusDetails": {
        "known": false,
        "muted": false,
        "flaky": false
      },
      "stage": "finished",
      "steps": [],
      "attachments": [],
      "parameters": [],
      "start": 1749116376927,
      "stop": 1749116376928
    },
    {
      "name": "Then User selected city and country information",
      "status": "skipped",
      "statusDetails": {
        "known": false,
        "muted": false,
        "flaky": false
      },
      "stage": "finished",
      "steps": [],
      "attachments": [
        {
          "name": "Data Table",
          "source": "bf631ab2-a0ff-4935-92f4-288eef47f310-attachment.csv",
          "type": "text/csv"
        }
      ],
      "parameters": [],
      "start": 1749116376928,
      "stop": 1749116376930
    }
  ],
  "attachments": [],
  "parameters": [
    {
      "name": "username",
      "value": "\"Adm\"",
      "excluded": false
    },
    {
      "name": "password",
      "value": "\"an\"",
      "excluded": false
    }
  ],
  "start": 1749116373642,
  "stop": 1749116376932
}