{
  "uuid": "b775bc78-3e23-4ab7-80f1-802d40b91607",
  "historyId": "58249f6dbda460278cc8057734eea267",
  "testCaseId": "7efa1c86013b6d6403281909b7f69773",
  "fullName": "ReqnrollProject/Features/Login/Verify login with data table  parameters",
  "labels": [
    {
      "name": "host",
      "value": "LAPTOP-AVB2L64G"
    },
    {
      "name": "thread",
      "value": "ParallelWorker#2"
    },
    {
      "name": "language",
      "value": "C#"
    },
    {
      "name": "framework",
      "value": "Reqnroll"
    },
    {
      "name": "package",
      "value": "Features.Login"
    },
    {
      "name": "feature",
      "value": "Login"
    },
    {
      "name": "tag",
      "value": "Sanity"
    }
  ],
  "links": [],
  "name": "Verify login with data table  parameters",
  "status": "broken",
  "statusDetails": {
    "known": false,
    "muted": false,
    "flaky": false,
    "message": "no such element: Unable to locate element: {\"method\":\"xpath\",\"selector\":\"(//a[@class = 'oxd-main-menu-item'])[1]\"}\n  (Session info: MicrosoftEdge=137.0.3296.62); For documentation on this error, please visit: https://www.selenium.dev/documentation/webdriver/troubleshooting/errors#no-such-element-exception",
    "trace": "OpenQA.Selenium.NoSuchElementException: no such element: Unable to locate element: {\"method\":\"xpath\",\"selector\":\"(//a[@class = 'oxd-main-menu-item'])[1]\"}\n  (Session info: MicrosoftEdge=137.0.3296.62); For documentation on this error, please visit: https://www.selenium.dev/documentation/webdriver/troubleshooting/errors#no-such-element-exception\r\n   at OpenQA.Selenium.WebDriver.UnpackAndThrowOnError(Response errorResponse, String commandToExecute)\r\n   at OpenQA.Selenium.WebDriver.ExecuteAsync(String driverCommandToExecute, Dictionary`2 parameters)\r\n   at OpenQA.Selenium.WebDriver.Execute(String driverCommandToExecute, Dictionary`2 parameters)\r\n   at OpenQA.Selenium.WebDriver.FindElement(String mechanism, String value)\r\n   at OpenQA.Selenium.By.<.ctor>b__6_0(ISearchContext context)\r\n   at OpenQA.Selenium.By.FindElement(ISearchContext context)\r\n   at OpenQA.Selenium.WebDriver.FindElement(By by)\r\n   at ReqnrollProject.Pages.LoginPage.homepagedisplay() in C:\\Users\\Harsha Patil\\source\\repos\\ReqnrollProject\\ReqnrollProject\\Pages\\LoginPage.cs:line 92\r\n   at ReqnrollProject.StepDefinitions.LoginStepDefinitions.ThenUserIsNavigatedToHomePage() in C:\\Users\\Harsha Patil\\source\\repos\\ReqnrollProject\\ReqnrollProject\\StepDefinitions\\LoginStepDefinitions.cs:line 52\r\n--- End of stack trace from previous location ---\r\n   at Reqnroll.Bindings.BindingInvoker.InvokeBindingAsync(IBinding binding, IContextManager contextManager, Object[] arguments, ITestTracer testTracer, DurationHolder durationHolder)\r\n   at Reqnroll.Infrastructure.TestExecutionEngine.ExecuteStepMatchAsync(BindingMatch match, Object[] arguments, DurationHolder durationHolder)\r\n   at Reqnroll.Infrastructure.TestExecutionEngine.ExecuteStepAsync(IContextManager contextManager, StepInstance stepInstance)\r\n   at Reqnroll.Infrastructure.TestExecutionEngine.OnAfterLastStepAsync()\r\n   at Reqnroll.TestRunner.CollectScenarioErrorsAsync()\r\n   at Allure.ReqnrollPlugin.SelectiveRun.TestPlanAwareTestRunner.CollectScenarioErrorsAsync()\r\n   at ReqnrollProject.Features.LoginFeature.ScenarioCleanupAsync()\r\n   at ReqnrollProject.Features.LoginFeature.VerifyLoginWithDataTableParameters(String username, String password, String[] exampleTags) in C:\\Users\\Harsha Patil\\source\\repos\\ReqnrollProject\\ReqnrollProject\\Features\\Login.feature:line 37\r\n   at NUnit.Framework.Internal.TaskAwaitAdapter.GenericAdapter`1.GetResult()\r\n   at NUnit.Framework.Internal.AsyncToSyncAdapter.Await(Func`1 invoke)\r\n   at NUnit.Framework.Internal.Commands.TestMethodCommand.RunTestMethod(TestExecutionContext context)\r\n   at NUnit.Framework.Internal.Commands.TestMethodCommand.Execute(TestExecutionContext context)\r\n   at NUnit.Framework.Internal.Commands.BeforeAndAfterTestCommand.<>c__DisplayClass1_0.<Execute>b__0()\r\n   at NUnit.Framework.Internal.Commands.DelegatingTestCommand.RunTestMethodInThreadAbortSafeZone(TestExecutionContext context, Action action)"
  },
  "stage": "finished",
  "steps": [
    {
      "name": "Given User is on the orangehrm login page",
      "status": "passed",
      "statusDetails": {
        "known": false,
        "muted": false,
        "flaky": false
      },
      "stage": "finished",
      "steps": [],
      "attachments": [],
      "parameters": [],
      "start": 1749095489300,
      "stop": 1749095494394
    },
    {
      "name": "When User enters the \"Admin\" and \"admin123\" in the input fields",
      "status": "passed",
      "statusDetails": {
        "known": false,
        "muted": false,
        "flaky": false
      },
      "stage": "finished",
      "steps": [],
      "attachments": [],
      "parameters": [],
      "start": 1749095494395,
      "stop": 1749095494395
    },
    {
      "name": "When User clicks on submit button",
      "status": "passed",
      "statusDetails": {
        "known": false,
        "muted": false,
        "flaky": false
      },
      "stage": "finished",
      "steps": [],
      "attachments": [],
      "parameters": [],
      "start": 1749095494395,
      "stop": 1749095494463
    },
    {
      "name": "Then User is navigated to home page",
      "status": "broken",
      "statusDetails": {
        "known": false,
        "muted": false,
        "flaky": false,
        "message": "no such element: Unable to locate element: {\"method\":\"xpath\",\"selector\":\"(//a[@class = 'oxd-main-menu-item'])[1]\"}\n  (Session info: MicrosoftEdge=137.0.3296.62); For documentation on this error, please visit: https://www.selenium.dev/documentation/webdriver/troubleshooting/errors#no-such-element-exception",
        "trace": "OpenQA.Selenium.NoSuchElementException: no such element: Unable to locate element: {\"method\":\"xpath\",\"selector\":\"(//a[@class = 'oxd-main-menu-item'])[1]\"}\n  (Session info: MicrosoftEdge=137.0.3296.62); For documentation on this error, please visit: https://www.selenium.dev/documentation/webdriver/troubleshooting/errors#no-such-element-exception\r\n   at OpenQA.Selenium.WebDriver.UnpackAndThrowOnError(Response errorResponse, String commandToExecute)\r\n   at OpenQA.Selenium.WebDriver.ExecuteAsync(String driverCommandToExecute, Dictionary`2 parameters)\r\n   at OpenQA.Selenium.WebDriver.Execute(String driverCommandToExecute, Dictionary`2 parameters)\r\n   at OpenQA.Selenium.WebDriver.FindElement(String mechanism, String value)\r\n   at OpenQA.Selenium.By.<.ctor>b__6_0(ISearchContext context)\r\n   at OpenQA.Selenium.By.FindElement(ISearchContext context)\r\n   at OpenQA.Selenium.WebDriver.FindElement(By by)\r\n   at ReqnrollProject.Pages.LoginPage.homepagedisplay() in C:\\Users\\Harsha Patil\\source\\repos\\ReqnrollProject\\ReqnrollProject\\Pages\\LoginPage.cs:line 92\r\n   at ReqnrollProject.StepDefinitions.LoginStepDefinitions.ThenUserIsNavigatedToHomePage() in C:\\Users\\Harsha Patil\\source\\repos\\ReqnrollProject\\ReqnrollProject\\StepDefinitions\\LoginStepDefinitions.cs:line 52\r\n--- End of stack trace from previous location ---\r\n   at Reqnroll.Bindings.BindingInvoker.InvokeBindingAsync(IBinding binding, IContextManager contextManager, Object[] arguments, ITestTracer testTracer, DurationHolder durationHolder)\r\n   at Reqnroll.Infrastructure.TestExecutionEngine.ExecuteStepMatchAsync(BindingMatch match, Object[] arguments, DurationHolder durationHolder)\r\n   at Reqnroll.Infrastructure.TestExecutionEngine.ExecuteStepAsync(IContextManager contextManager, StepInstance stepInstance)"
      },
      "stage": "finished",
      "steps": [],
      "attachments": [],
      "parameters": [],
      "start": 1749095494463,
      "stop": 1749095497475
    },
    {
      "name": "Then User selected city and country information",
      "status": "skipped",
      "statusDetails": {
        "known": false,
        "muted": false,
        "flaky": false
      },
      "stage": "finished",
      "steps": [],
      "attachments": [
        {
          "name": "Data Table",
          "source": "2544e474-0331-4c8b-b6f9-98018c067974-attachment.csv",
          "type": "text/csv"
        }
      ],
      "parameters": [],
      "start": 1749095497475,
      "stop": 1749095497500
    }
  ],
  "attachments": [],
  "parameters": [
    {
      "name": "username",
      "value": "\"Admin\"",
      "excluded": false
    },
    {
      "name": "password",
      "value": "\"admin123\"",
      "excluded": false
    }
  ],
  "start": 1749095489300,
  "stop": 1749095497501
}